<?xml version="1.0" encoding="UTF-8"?>
<root xmlns="http://www.w3.org/TR/html4/" xmlns:signavio="http://www.signavio.com" >
    <child id="first_child" signavio:form = "asdasdd">
        <grandchild>text 1</grandchild>
    </child>
    <child id="second_child" ls:as="123" >
        <grandchild>text 2</grandchild>
    </child>
</root>